This file contains any messages produced by compilers while
running configure, to aid debugging if configure makes a mistake.

It was created by DRBD configure 8.3.9rc2, which was
generated by GNU Autoconf 2.65.  Invocation command line was

  $ ./configure --enable-spec --with-km

## --------- ##
## Platform. ##
## --------- ##

hostname = FCDev
uname -m = x86_64
uname -r = 2.6.18-92.el5
uname -s = Linux
uname -v = #1 SMP Tue Apr 29 13:16:15 EDT 2008

/usr/bin/uname -p = unknown
/bin/uname -X     = unknown

/bin/arch              = x86_64
/usr/bin/arch -k       = unknown
/usr/convex/getsysinfo = unknown
/usr/bin/hostinfo      = unknown
/bin/machine           = unknown
/usr/bin/oslevel       = unknown
/bin/universe          = unknown

PATH: /usr/local/ipstor/bin
PATH: /usr/local/ipstor/lbin
PATH: /usr/local/ipstor/util
PATH: /usr/lib64/qt-3.3/bin
PATH: /usr/kerberos/sbin
PATH: /usr/kerberos/bin
PATH: /usr/local/sbin
PATH: /usr/local/bin
PATH: /sbin
PATH: /bin
PATH: /usr/sbin
PATH: /usr/bin
PATH: /root/bin


## ----------- ##
## Core tests. ##
## ----------- ##

configure:1942: checking for gcc
configure:1958: found /usr/bin/gcc
configure:1969: result: gcc
configure:2198: checking for C compiler version
configure:2207: gcc --version >&5
gcc (GCC) 4.1.2 20071124 (Red Hat 4.1.2-42)
Copyright (C) 2006 Free Software Foundation, Inc.
This is free software; see the source for copying conditions.  There is NO
warranty; not even for MERCHANTABILITY or FITNESS FOR A PARTICULAR PURPOSE.

configure:2218: $? = 0
configure:2207: gcc -v >&5
Using built-in specs.
Target: x86_64-redhat-linux
Configured with: ../configure --prefix=/usr --mandir=/usr/share/man --infodir=/usr/share/info --enable-shared --enable-threads=posix --enable-checking=release --with-system-zlib --enable-__cxa_atexit --disable-libunwind-exceptions --enable-libgcj-multifile --enable-languages=c,c++,objc,obj-c++,java,fortran,ada --enable-java-awt=gtk --disable-dssi --enable-plugin --with-java-home=/usr/lib/jvm/java-1.4.2-gcj-1.4.2.0/jre --with-cpu=generic --host=x86_64-redhat-linux
Thread model: posix
gcc version 4.1.2 20071124 (Red Hat 4.1.2-42)
configure:2218: $? = 0
configure:2207: gcc -V >&5
gcc: '-V' option must have argument
configure:2218: $? = 1
configure:2207: gcc -qversion >&5
gcc: unrecognized option '-qversion'
gcc: no input files
configure:2218: $? = 1
configure:2238: checking whether the C compiler works
configure:2260: gcc    conftest.c  >&5
configure:2264: $? = 0
configure:2313: result: yes
configure:2316: checking for C compiler default output file name
configure:2318: result: a.out
configure:2324: checking for suffix of executables
configure:2331: gcc -o conftest    conftest.c  >&5
configure:2335: $? = 0
configure:2357: result: 
configure:2379: checking whether we are cross compiling
configure:2387: gcc -o conftest    conftest.c  >&5
configure:2391: $? = 0
configure:2398: ./conftest
configure:2402: $? = 0
configure:2417: result: no
configure:2422: checking for suffix of object files
configure:2444: gcc -c   conftest.c >&5
configure:2448: $? = 0
configure:2469: result: o
configure:2473: checking whether we are using the GNU C compiler
configure:2492: gcc -c   conftest.c >&5
configure:2492: $? = 0
configure:2501: result: yes
configure:2510: checking whether gcc accepts -g
configure:2530: gcc -c -g  conftest.c >&5
configure:2530: $? = 0
configure:2571: result: yes
configure:2588: checking for gcc option to accept ISO C89
configure:2652: gcc  -c -g -O2  conftest.c >&5
configure:2652: $? = 0
configure:2665: result: none needed
configure:2685: checking whether ln -s works
configure:2689: result: yes
configure:2698: checking for sed
configure:2716: found /bin/sed
configure:2728: result: /bin/sed
configure:2738: checking for grep
configure:2756: found /bin/grep
configure:2768: result: /bin/grep
configure:2778: checking for flex
configure:2796: found /usr/bin/flex
configure:2808: result: /usr/bin/flex
configure:2818: checking for rpmbuild
configure:2836: found /usr/bin/rpmbuild
configure:2848: result: /usr/bin/rpmbuild
configure:2858: checking for xsltproc
configure:2876: found /usr/bin/xsltproc
configure:2888: result: /usr/bin/xsltproc
configure:2898: checking for tar
configure:2916: found /bin/tar
configure:2928: result: /bin/tar
configure:2938: checking for git
configure:2971: result: no
configure:2978: checking for dpkg-buildpackage
configure:3011: result: no
configure:3018: checking for udevadm
configure:3049: result: false
configure:3059: checking for udevinfo
configure:3077: found /usr/bin/udevinfo
configure:3090: result: /usr/bin/udevinfo
configure:3120: WARNING: No dpkg-buildpackage found, building Debian packages is disabled.
configure:3130: WARNING: Cannot update buildtag without git. You may safely ignore this warning when building from a tarball.
configure:3145: checking for /Makefile
configure:3159: result: no
configure:3165: WARNING: Unable to find a kernel Makefile in . You will have to set KDIR correctly when invoking make.
configure:3191: checking for /etc/gentoo-release
configure:3204: result: no
configure:3210: checking for /etc/redhat-release
configure:3223: result: yes
configure:3229: checking for /etc/slackware-version
configure:3242: result: no
configure:3248: checking for /etc/debian_version
configure:3261: result: no
configure:3267: checking for /etc/SuSE-release
configure:3280: result: no
configure:3300: configured for Red Hat (includes Fedora, RHEL, CentOS).
configure:3303: checking for /etc/fedora-release
configure:3316: result: no
configure:3534: creating ./config.status

## ---------------------- ##
## Running config.status. ##
## ---------------------- ##

This file was extended by DRBD config.status 8.3.9rc2, which was
generated by GNU Autoconf 2.65.  Invocation command line was

  CONFIG_FILES    = 
  CONFIG_HEADERS  = 
  CONFIG_LINKS    = 
  CONFIG_COMMANDS = 
  $ ./config.status 

on FCDev

config.status:832: creating drbd.spec
config.status:832: creating drbd-km.spec

## ---------------- ##
## Cache variables. ##
## ---------------- ##

ac_cv_c_compiler_gnu=yes
ac_cv_env_CC_set=
ac_cv_env_CC_value=
ac_cv_env_CFLAGS_set=
ac_cv_env_CFLAGS_value=
ac_cv_env_CPPFLAGS_set=
ac_cv_env_CPPFLAGS_value=
ac_cv_env_LDFLAGS_set=
ac_cv_env_LDFLAGS_value=
ac_cv_env_LIBS_set=
ac_cv_env_LIBS_value=
ac_cv_env_build_alias_set=
ac_cv_env_build_alias_value=
ac_cv_env_host_alias_set=
ac_cv_env_host_alias_value=
ac_cv_env_target_alias_set=
ac_cv_env_target_alias_value=
ac_cv_file__Makefile=no
ac_cv_file__etc_SuSE_release=no
ac_cv_file__etc_debian_version=no
ac_cv_file__etc_fedora_release=no
ac_cv_file__etc_gentoo_release=no
ac_cv_file__etc_redhat_release=yes
ac_cv_file__etc_slackware_version=no
ac_cv_objext=o
ac_cv_path_FLEX=/usr/bin/flex
ac_cv_path_GREP=/bin/grep
ac_cv_path_RPMBUILD=/usr/bin/rpmbuild
ac_cv_path_SED=/bin/sed
ac_cv_path_TAR=/bin/tar
ac_cv_path_UDEVADM=false
ac_cv_path_UDEVINFO=/usr/bin/udevinfo
ac_cv_path_XSLTPROC=/usr/bin/xsltproc
ac_cv_prog_ac_ct_CC=gcc
ac_cv_prog_cc_c89=
ac_cv_prog_cc_g=yes

## ----------------- ##
## Output variables. ##
## ----------------- ##

BASH_COMPLETION_SUFFIX=''
CC='gcc'
CFLAGS='-g -O2'
CPPFLAGS=''
DEFS='-DHAVE_CONFIG_H'
DISTRO='redhat'
DPKG_BUILDPACKAGE=''
ECHO_C=''
ECHO_N='-n'
ECHO_T=''
EXEEXT=''
FLEX='/usr/bin/flex'
GIT=''
GREP='/bin/grep'
INITDIR='/usr/local/etc/rc.d/init.d'
INITSCRIPT_SYMLINK=''
KDIR='/lib/modules/2.6.18-128.el5/build/'
KVER=''
LDFLAGS=''
LIBOBJS=''
LIBS=''
LN_S='ln -s'
LTLIBOBJS=''
OBJEXT='o'
PACKAGE_BUGREPORT='drbd-dev@lists.linbit.com'
PACKAGE_NAME='DRBD'
PACKAGE_STRING='DRBD 8.3.9rc2'
PACKAGE_TARNAME='drbd'
PACKAGE_URL=''
PACKAGE_VERSION='8.3.9rc2'
PATH_SEPARATOR=':'
RPMBUILD='/usr/bin/rpmbuild'
RPM_BUILDREQ_DEFAULT='flex'
RPM_BUILDREQ_KM='kernel-devel'
RPM_CONFLICTS_KM='drbd-kmod <= %{version}_3'
RPM_DIST_TAG='%{?dist}'
RPM_REQ_BASH_COMPLETION=''
RPM_REQ_CHKCONFIG_POST='Requires(post): chkconfig'
RPM_REQ_CHKCONFIG_PREUN='Requires(preun): chkconfig'
RPM_REQ_HEARTBEAT=''
RPM_REQ_PACEMAKER=''
RPM_REQ_XEN=''
RPM_SUBPACKAGE_NOARCH=''
SED='/bin/sed'
SHELL='/bin/sh'
TAR='/bin/tar'
UDEVADM='false'
UDEVINFO='/usr/bin/udevinfo'
UDEV_RULE_SUFFIX=''
WITH_BASHCOMPLETION='yes'
WITH_HEARTBEAT='yes'
WITH_KM='yes'
WITH_PACEMAKER='yes'
WITH_RGMANAGER='no'
WITH_UDEV='yes'
WITH_UTILS='yes'
WITH_XEN='yes'
XSLTPROC='/usr/bin/xsltproc'
ac_ct_CC='gcc'
bindir='/usr/local/bin'
build_alias=''
datadir='/usr/local/share'
datarootdir='/usr/local/share'
docdir='/usr/local/share/doc/drbd'
dvidir='${docdir}'
exec_prefix='/usr/local'
host_alias=''
htmldir='${docdir}'
includedir='/usr/local/include'
infodir='/usr/local/share/info'
libdir='/usr/local/lib'
libexecdir='/usr/local/libexec'
localedir='${datarootdir}/locale'
localstatedir='/usr/local/var'
mandir='/usr/local/share/man'
oldincludedir='/usr/include'
pdfdir='${docdir}'
prefix='/usr/local'
program_transform_name='s,x,x,'
psdir='${docdir}'
sbindir='/usr/local/sbin'
sharedstatedir='/usr/local/com'
sysconfdir='/usr/local/etc'
target_alias=''

## ----------- ##
## confdefs.h. ##
## ----------- ##

/* confdefs.h */
#define PACKAGE_NAME "DRBD"
#define PACKAGE_TARNAME "drbd"
#define PACKAGE_VERSION "8.3.9rc2"
#define PACKAGE_STRING "DRBD 8.3.9rc2"
#define PACKAGE_BUGREPORT "drbd-dev@lists.linbit.com"
#define PACKAGE_URL ""
#define DRBD_LIB_DIR "/usr/local/var/lib/drbd"
#define DRBD_LOCK_DIR "/usr/local/var/lock"
#define DRBD_CONFIG_DIR "/usr/local/etc"

configure: exit 0
